<?xml version="1.0" encoding="UTF-8"?>
<!-- Generated by org.testng.reporters.JUnitReportReporter -->
<testsuite skipped="0" hostname="EknathDhauskar" name="com.qa.testcases.HomePageTest" tests="1" failures="0" timestamp="06 Apr 2019 11:32:26 GMT" time="96.761" errors="0">
  <testcase name="verifySearchLocationTest" time="96.761" classname="com.qa.testcases.HomePageTest"/>
</testsuite> <!-- com.qa.testcases.HomePageTest -->
