<?xml version="1.0" encoding="UTF-8"?>
<!-- Generated by org.testng.reporters.JUnitReportReporter -->
<testsuite skipped="0" hostname="EknathDhauskar" name="com.qa.testcases.HomePageTest" tests="1" failures="0" timestamp="09 Apr 2019 06:48:25 GMT" time="40.581" errors="0">
  <testcase name="verifySearchLocationTest" time="40.581" classname="com.qa.testcases.HomePageTest"/>
</testsuite> <!-- com.qa.testcases.HomePageTest -->
